============================= test session starts =============================
platform win32 -- Python 3.12.10, pytest-8.4.1, pluggy-1.6.0
rootdir: C:\Users\shilo\Documents\GitHub\Gred-Repo-Orchestrator
plugins: anyio-4.10.0, asyncio-1.1.0, cov-6.2.1
asyncio: mode=Mode.STRICT, asyncio_default_fixture_loop_scope=None, asyncio_default_test_loop_scope=function
collected 125 items

tests\unit\test_config.py ....                                           [  3%]
tests\unit\test_file_service.py ......                                   [  8%]
tests\unit\test_git_service.py .....                                     [ 12%]
tests\unit\test_main.py .FF....                                          [ 17%]
tests\unit\test_repo_service.py .......                                  [ 23%]
tests\unit\test_routes.py ..................................             [ 50%]
tests\unit\test_security_core.py .................                       [ 64%]
tests\unit\test_security_validation.py ................                  [ 76%]
tests\unit\test_services_remaining.py .................                  [ 90%]
tests\unit\test_system_service.py ............                           [100%]

================================== FAILURES ===================================
______________________ test_panic_mode_check_middleware _______________________

auth_client = <starlette.testclient.TestClient object at 0x0000028ACEBE7050>

    def test_panic_mode_check_middleware(auth_client):
        # Patch the actual security function
        with patch('tools.repo_orchestrator.security.load_security_db', return_value={"panic_mode": True}):
            response = auth_client.get("/ui/repos")
            assert response.status_code == 503
            assert "LOCKDOWN" in response.text
    
            # /status should still work
            response_status = auth_client.get("/status")
>           assert response_status.status_code == 200
E           assert 503 == 200
E            +  where 503 = <Response [503 Service Unavailable]>.status_code

tests\unit\test_main.py:38: AssertionError
----------------------------- Captured log setup ------------------------------
INFO     orchestrator:main.py:35 Starting Repo Orchestrator...
------------------------------ Captured log call ------------------------------
INFO     httpx:_client.py:1025 HTTP Request: GET http://testserver/ui/repos "HTTP/1.1 503 Service Unavailable"
INFO     httpx:_client.py:1025 HTTP Request: GET http://testserver/status "HTTP/1.1 503 Service Unavailable"
---------------------------- Captured log teardown ----------------------------
INFO     orchestrator:main.py:52 Shutting down Repo Orchestrator...
________________________ test_allow_options_preflight _________________________

    def test_allow_options_preflight():
        with TestClient(app) as client:
            # Case 1: Origin in CORS_ORIGINS
            response = client.options("/ui/status", headers={
                "Origin": "http://localhost:5173",
                "Access-Control-Request-Headers": "Content-Type",
                "Access-Control-Request-Method": "GET"
            })
            assert response.status_code == 204
            assert response.headers.get("Access-Control-Allow-Origin") == "http://localhost:5173"
    
            # Case 2: No Origin (lines 109-110 in main.py)
            response = client.get("/status")
>           assert response.status_code == 200
E           assert 401 == 200
E            +  where 401 = <Response [401 Unauthorized]>.status_code

tests\unit\test_main.py:53: AssertionError
------------------------------ Captured log call ------------------------------
INFO     orchestrator:main.py:35 Starting Repo Orchestrator...
INFO     httpx:_client.py:1025 HTTP Request: OPTIONS http://testserver/ui/status "HTTP/1.1 204 No Content"
INFO     httpx:_client.py:1025 HTTP Request: GET http://testserver/status "HTTP/1.1 401 Unauthorized"
INFO     orchestrator:main.py:52 Shutting down Repo Orchestrator...
=============================== tests coverage ================================
______________ coverage: platform win32, python 3.12.10-final-0 _______________

Name                                                   Stmts   Miss  Cover   Missing
------------------------------------------------------------------------------------
tools\repo_orchestrator\__init__.py                        0      0   100%
tools\repo_orchestrator\config.py                         60      6    90%   10, 20, 80-81, 87-88
tools\repo_orchestrator\main.py                          112     11    90%   109-110, 124, 134-136, 165-166, 191, 196-198
tools\repo_orchestrator\models.py                         23      0   100%
tools\repo_orchestrator\routes.py                        172      0   100%
tools\repo_orchestrator\security\__init__.py              12      0   100%
tools\repo_orchestrator\security\audit.py                 26      0   100%
tools\repo_orchestrator\security\auth.py                  26      0   100%
tools\repo_orchestrator\security\common.py                15      0   100%
tools\repo_orchestrator\security\rate_limit.py            26      0   100%
tools\repo_orchestrator\security\validation.py            65      0   100%
tools\repo_orchestrator\services\file_service.py          33      0   100%
tools\repo_orchestrator\services\git_service.py           24      0   100%
tools\repo_orchestrator\services\repo_service.py          93      1    99%   95
tools\repo_orchestrator\services\snapshot_service.py      46      0   100%
tools\repo_orchestrator\services\system_service.py        53      0   100%
tools\repo_orchestrator\test_app.py                        7      7     0%   1-16
------------------------------------------------------------------------------------
TOTAL                                                    793     25    97%
=========================== short test summary info ===========================
FAILED tests/unit/test_main.py::test_panic_mode_check_middleware - assert 503...
FAILED tests/unit/test_main.py::test_allow_options_preflight - assert 401 == 200
======================== 2 failed, 123 passed in 1.69s ========================
