============================= test session starts =============================
platform win32 -- Python 3.12.10, pytest-8.4.1, pluggy-1.6.0
rootdir: C:\Users\shilo\Documents\GitHub\Gred-Repo-Orchestrator
plugins: anyio-4.10.0, asyncio-1.1.0, cov-6.2.1
asyncio: mode=Mode.STRICT, asyncio_default_fixture_loop_scope=None, asyncio_default_test_loop_scope=function
collected 13 items

tests\unit\test_security_core.py ...........F.                           [100%]

================================== FAILURES ===================================
__________________________ test_load_json_db_exists ___________________________

tmp_path = WindowsPath('C:/Users/shilo/AppData/Local/Temp/pytest-of-shilo/pytest-14/test_load_json_db_exists0')

    def test_load_json_db_exists(tmp_path):
        path = tmp_path / "db.json"
        path.write_text('{"key": "val"}')
>       assert load_json_db(path) == {"key": "val"}
               ^^^^^^^^^^^^^^^^^^
E       TypeError: load_json_db() missing 1 required positional argument: 'default_factory'

tests\unit\test_security_core.py:107: TypeError
=============================== tests coverage ================================
______________ coverage: platform win32, python 3.12.10-final-0 _______________

Name                                             Stmts   Miss  Cover   Missing
------------------------------------------------------------------------------
tools\repo_orchestrator\security\audit.py           26      3    88%   45-47
tools\repo_orchestrator\security\auth.py            26      1    96%   32
tools\repo_orchestrator\security\common.py          15      2    87%   10-11
tools\repo_orchestrator\security\rate_limit.py      26      6    77%   16-22, 34-35
------------------------------------------------------------------------------
TOTAL                                               93     12    87%
=========================== short test summary info ===========================
FAILED tests/unit/test_security_core.py::test_load_json_db_exists - TypeError...
======================== 1 failed, 12 passed in 0.35s =========================
